#
# A fatal error has been detected by the Java Runtime Environment:
#
#  SIGSEGV (0xb) at pc=0x00000001340c18f2, pid=22951, tid=2059
#
# JRE version: Java(TM) SE Runtime Environment (8.0_72-b15) (build 1.8.0_72-b15)
# Java VM: Java HotSpot(TM) 64-Bit Server VM (25.72-b15 mixed mode bsd-amd64 compressed oops)
# Problematic frame:
# C  [libtesseract.dylib+0x58f2]  _ZN9tesseract10HOcrEscapeEPKc+0x19
#
# Failed to write core dump. Core dumps have been disabled. To enable core dumping, try "ulimit -c unlimited" before starting Java again
#
# If you would like to submit a bug report, please visit:
#   http://bugreport.java.com/bugreport/crash.jsp
# The crash happened outside the Java Virtual Machine in native code.
# See problematic frame for where to report the bug.
#

---------------  T H R E A D  ---------------

Current thread (0x00007fb578aea800):  JavaThread "JavaFX Application Thread" [_thread_in_native, id=2059, stack(0x00007fff4f70e000,0x00007fff4ff0e000)]

siginfo: si_signo: 11 (SIGSEGV), si_code: 1 (SEGV_MAPERR), si_addr: 0x0000000000000000

Registers:
RAX=0x00007fb57e8c47e0, RBX=0x0000000000000000, RCX=0x0000000000000001, RDX=0x0000000000000c00
RSP=0x00007fff4ff04f10, RBP=0x00007fff4ff04f40, RSI=0x0000000000000001, RDI=0x0000000000000c46
R8 =0x0000000000000018, R9 =0x00007fb57e8c47e0, R10=0x00000000ffffffff, R11=0x00007fb44a66608f
R12=0x00007fb57e88d010, R13=0x00007fff4ff04f90, R14=0x00007fff4ff04f98, R15=0x00007fff4ff04fc8
RIP=0x00000001340c18f2, EFLAGS=0x0000000000010202, ERR=0x0000000000000004
  TRAPNO=0x000000000000000e

Top of Stack: (sp=0x00007fff4ff04f10)
0x00007fff4ff04f10:   00007fff4ff04fc8 00007fb5786b5e20
0x00007fff4ff04f20:   00007fb57e88d010 00007fff4ff04f90
0x00007fff4ff04f30:   0000000000000000 00007fff4ff04fc8
0x00007fff4ff04f40:   00007fff4ff05000 00000001340c15df
0x00007fff4ff04f50:   00007fff4ff04faa 00007fff4ff04fa4
0x00007fff4ff04f60:   00007fff4ff04fa0 0000000000000000
0x00007fff4ff04f70:   000000017ada0790 000000017e88d010
0x00007fff4ff04f80:   01007fff00000001 0000000100000001
0x00007fff4ff04f90:   0000000000000062 00007fb57e8c47e0
0x00007fff4ff04fa0:   00007fffffffffff 000000013421d47a
0x00007fff4ff04fb0:   0000000000000244 0000000000000000
0x00007fff4ff04fc0:   00007fb57e88d010 00007fb57e8d5210
0x00007fff4ff04fd0:   01007fff4ff05000 0000000000000001
0x00007fff4ff04fe0:   0000000000000004 0000000000000002
0x00007fff4ff04ff0:   00007fff4ff05b38 00007fb580ed2fa0
0x00007fff4ff05000:   00007fff4ff05010 000000012a54394c
0x00007fff4ff05010:   000000000000000e 00007fff4ff05bd0
0x00007fff4ff05020:   00007fff4ff05110 000000012a543456
0x00007fff4ff05030:   000000004ff04f20 0000000000000007
0x00007fff4ff05040:   000000004ff04e10 00007fff4ff050c0
0x00007fff4ff05050:   000000010fd0e000 00007fff4ff050d4
0x00007fff4ff05060:   00007fff4ff050d0 00007fff4ff050c0
0x00007fff4ff05070:   00007fff4ff05a40 00007fff4ff05bd0
0x00007fff4ff05080:   00000001340c69ef 00007fb580ed33f0
0x00007fff4ff05090:   00007fff4ff04f60 00007fff4ff05010
0x00007fff4ff050a0:   0000000000000002 0000000200000002
0x00007fff4ff050b0:   00007fff4ff04f60 0000000178aea9f8
0x00007fff4ff050c0:   00007fb500000002 0000000000000000
0x00007fff4ff050d0:   0000000100000000 e700cd22ab260038
0x00007fff4ff050e0:   00007fff4ff05110 00007fff4ff05b30
0x00007fff4ff050f0:   00007fb580ed2fb0 0000000000000000
0x00007fff4ff05100:   00007fb580ed33f0 0000000000000001 

Instructions: (pc=0x00000001340c18f2)
0x00000001340c18d2:   c3 48 8d 7d 98 eb e7 55 48 89 e5 41 57 41 56 41
0x00000001340c18e2:   55 41 54 53 50 48 89 f3 49 89 fe e8 b0 ba 15 00
0x00000001340c18f2:   8a 03 84 c0 0f 84 98 00 00 00 48 ff c3 4c 8d 3d
0x00000001340c1902:   6b dc 1a 00 4c 8d 25 5e dc 1a 00 4c 8d 2d 52 dc 

Register to memory mapping:

RAX=0x00007fb57e8c47e0 is an unknown value
RBX=0x0000000000000000 is an unknown value
RCX=0x0000000000000001 is an unknown value
RDX=0x0000000000000c00 is an unknown value
RSP=0x00007fff4ff04f10 is pointing into the stack for thread: 0x00007fb578aea800
RBP=0x00007fff4ff04f40 is pointing into the stack for thread: 0x00007fb578aea800
RSI=0x0000000000000001 is an unknown value
RDI=0x0000000000000c46 is an unknown value
R8 =0x0000000000000018 is an unknown value
R9 =0x00007fb57e8c47e0 is an unknown value
R10=0x00000000ffffffff is an unknown value
R11=0x00007fb44a66608f is an unknown value
R12=0x00007fb57e88d010 is an unknown value
R13=0x00007fff4ff04f90 is pointing into the stack for thread: 0x00007fb578aea800
R14=0x00007fff4ff04f98 is pointing into the stack for thread: 0x00007fb578aea800
R15=0x00007fff4ff04fc8 is pointing into the stack for thread: 0x00007fb578aea800


Stack: [0x00007fff4f70e000,0x00007fff4ff0e000],  sp=0x00007fff4ff04f10,  free space=8155k
Native frames: (J=compiled Java code, j=interpreted, Vv=VM code, C=native code)
C  [libtesseract.dylib+0x58f2]  _ZN9tesseract10HOcrEscapeEPKc+0x19
C  [libtesseract.dylib+0x55df]  _ZN9tesseract11TessBaseAPI11GetHOCRTextEi+0x3e3
C  [jna8876891873646064835.tmp+0xd94c]  ffi_call_unix64+0x4c
C  0x00007fff4ff05bd0

Java frames: (J=compiled Java code, j=interpreted, Vv=VM code)
j  net.sourceforge.tess4j.TessAPI1.TessBaseAPIGetHOCRText(Lnet/sourceforge/tess4j/ITessAPI$TessBaseAPI;I)Lcom/sun/jna/Pointer;+0
j  net.sourceforge.tess4j.Tesseract1.getOCRText(Ljava/lang/String;I)Ljava/lang/String;+36
j  net.sourceforge.tess4j.Tesseract1.doOCR(Ljava/util/List;Ljava/lang/String;Ljava/awt/Rectangle;)Ljava/lang/String;+69
j  net.sourceforge.tess4j.Tesseract1.doOCR(Ljava/io/File;Ljava/awt/Rectangle;)Ljava/lang/String;+10
j  net.sourceforge.tess4j.Tesseract1.doOCR(Ljava/io/File;)Ljava/lang/String;+3
j  com.zaba37.easyreader.ocr.OcrEngine.getOcrResult(Ljava/io/File;)Ljava/lang/String;+83
j  com.zaba37.easyreader.controllers.PageOCRChooserWindowController.handleApplyAction()V+61
v  ~StubRoutines::call_stub
J 3778  sun.reflect.NativeMethodAccessorImpl.invoke0(Ljava/lang/reflect/Method;Ljava/lang/Object;[Ljava/lang/Object;)Ljava/lang/Object; (0 bytes) @ 0x00000001134030b7 [0x0000000113403040+0x77]
J 3777 C1 sun.reflect.NativeMethodAccessorImpl.invoke(Ljava/lang/Object;[Ljava/lang/Object;)Ljava/lang/Object; (104 bytes) @ 0x000000011340dd14 [0x000000011340cb40+0x11d4]
J 831 C1 sun.reflect.DelegatingMethodAccessorImpl.invoke(Ljava/lang/Object;[Ljava/lang/Object;)Ljava/lang/Object; (10 bytes) @ 0x0000000112d0ca4c [0x0000000112d0c940+0x10c]
J 830 C1 java.lang.reflect.Method.invoke(Ljava/lang/Object;[Ljava/lang/Object;)Ljava/lang/Object; (62 bytes) @ 0x0000000112d08354 [0x0000000112d07f60+0x3f4]
J 969 C1 sun.reflect.GeneratedMethodAccessor1.invoke(Ljava/lang/Object;[Ljava/lang/Object;)Ljava/lang/Object; (65 bytes) @ 0x0000000112d786fc [0x0000000112d78340+0x3bc]
J 831 C1 sun.reflect.DelegatingMethodAccessorImpl.invoke(Ljava/lang/Object;[Ljava/lang/Object;)Ljava/lang/Object; (10 bytes) @ 0x0000000112d0ca4c [0x0000000112d0c940+0x10c]
J 830 C1 java.lang.reflect.Method.invoke(Ljava/lang/Object;[Ljava/lang/Object;)Ljava/lang/Object; (62 bytes) @ 0x0000000112d08354 [0x0000000112d07f60+0x3f4]
J 953 C1 sun.reflect.misc.MethodUtil.invoke(Ljava/lang/reflect/Method;Ljava/lang/Object;[Ljava/lang/Object;)Ljava/lang/Object; (111 bytes) @ 0x0000000112d73d8c [0x0000000112d738c0+0x4cc]
j  javafx.fxml.FXMLLoader$MethodHandler.invoke([Ljava/lang/Object;)V+38
j  javafx.fxml.FXMLLoader$ControllerMethodEventHandler.handle(Ljavafx/event/Event;)V+12
J 3973 C1 com.sun.javafx.event.CompositeEventHandler.dispatchBubblingEvent(Ljavafx/event/Event;)V (57 bytes) @ 0x00000001134b1cd4 [0x00000001134b1900+0x3d4]
J 3847 C1 com.sun.javafx.event.EventHandlerManager.dispatchBubblingEvent(Ljavafx/event/Event;)Ljavafx/event/Event; (23 bytes) @ 0x0000000113447ca4 [0x0000000113447600+0x6a4]
J 3851 C1 com.sun.javafx.event.CompositeEventDispatcher.dispatchBubblingEvent(Ljavafx/event/Event;)Ljavafx/event/Event; (35 bytes) @ 0x0000000113453d1c [0x0000000113453b60+0x1bc]
J 2155 C1 com.sun.javafx.event.BasicEventDispatcher.dispatchEvent(Ljavafx/event/Event;Ljavafx/event/EventDispatchChain;)Ljavafx/event/Event; (44 bytes) @ 0x00000001130917b4 [0x0000000113091480+0x334]
J 4408 C2 com.sun.javafx.event.EventDispatchChainImpl.dispatchEvent(Ljavafx/event/Event;)Ljavafx/event/Event; (101 bytes) @ 0x000000011365cbd8 [0x000000011365cb20+0xb8]
J 2155 C1 com.sun.javafx.event.BasicEventDispatcher.dispatchEvent(Ljavafx/event/Event;Ljavafx/event/EventDispatchChain;)Ljavafx/event/Event; (44 bytes) @ 0x00000001130916cc [0x0000000113091480+0x24c]
J 4408 C2 com.sun.javafx.event.EventDispatchChainImpl.dispatchEvent(Ljavafx/event/Event;)Ljavafx/event/Event; (101 bytes) @ 0x000000011365cbd8 [0x000000011365cb20+0xb8]
J 2155 C1 com.sun.javafx.event.BasicEventDispatcher.dispatchEvent(Ljavafx/event/Event;Ljavafx/event/EventDispatchChain;)Ljavafx/event/Event; (44 bytes) @ 0x00000001130916cc [0x0000000113091480+0x24c]
J 4408 C2 com.sun.javafx.event.EventDispatchChainImpl.dispatchEvent(Ljavafx/event/Event;)Ljavafx/event/Event; (101 bytes) @ 0x000000011365cbd8 [0x000000011365cb20+0xb8]
J 3987 C1 com.sun.javafx.event.EventUtil.fireEvent(Ljavafx/event/EventTarget;Ljavafx/event/Event;)Ljavafx/event/Event; (81 bytes) @ 0x00000001134b9f1c [0x00000001134b9340+0xbdc]
J 3986 C1 javafx.event.Event.fireEvent(Ljavafx/event/EventTarget;Ljavafx/event/Event;)V (35 bytes) @ 0x00000001134b8cec [0x00000001134b8c20+0xcc]
j  javafx.scene.Node.fireEvent(Ljavafx/event/Event;)V+86
j  javafx.scene.control.Button.fire()V+15
j  com.sun.javafx.scene.control.behavior.ButtonBehavior.mouseReleased(Ljavafx/scene/input/MouseEvent;)V+23
j  com.sun.javafx.scene.control.skin.BehaviorSkinBase$1.handle(Ljavafx/scene/input/MouseEvent;)V+83
j  com.sun.javafx.scene.control.skin.BehaviorSkinBase$1.handle(Ljavafx/event/Event;)V+5
J 4242 C1 com.sun.javafx.event.CompositeEventHandler$NormalEventHandlerRecord.handleBubblingEvent(Ljavafx/event/Event;)V (11 bytes) @ 0x00000001135ebacc [0x00000001135eb9c0+0x10c]
J 3973 C1 com.sun.javafx.event.CompositeEventHandler.dispatchBubblingEvent(Ljavafx/event/Event;)V (57 bytes) @ 0x00000001134b1b44 [0x00000001134b1900+0x244]
J 3847 C1 com.sun.javafx.event.EventHandlerManager.dispatchBubblingEvent(Ljavafx/event/Event;)Ljavafx/event/Event; (23 bytes) @ 0x0000000113447ca4 [0x0000000113447600+0x6a4]
J 3851 C1 com.sun.javafx.event.CompositeEventDispatcher.dispatchBubblingEvent(Ljavafx/event/Event;)Ljavafx/event/Event; (35 bytes) @ 0x0000000113453d1c [0x0000000113453b60+0x1bc]
J 2155 C1 com.sun.javafx.event.BasicEventDispatcher.dispatchEvent(Ljavafx/event/Event;Ljavafx/event/EventDispatchChain;)Ljavafx/event/Event; (44 bytes) @ 0x00000001130917b4 [0x0000000113091480+0x334]
J 4408 C2 com.sun.javafx.event.EventDispatchChainImpl.dispatchEvent(Ljavafx/event/Event;)Ljavafx/event/Event; (101 bytes) @ 0x000000011365cbd8 [0x000000011365cb20+0xb8]
J 2155 C1 com.sun.javafx.event.BasicEventDispatcher.dispatchEvent(Ljavafx/event/Event;Ljavafx/event/EventDispatchChain;)Ljavafx/event/Event; (44 bytes) @ 0x00000001130916cc [0x0000000113091480+0x24c]
J 4408 C2 com.sun.javafx.event.EventDispatchChainImpl.dispatchEvent(Ljavafx/event/Event;)Ljavafx/event/Event; (101 bytes) @ 0x000000011365cbd8 [0x000000011365cb20+0xb8]
J 2155 C1 com.sun.javafx.event.BasicEventDispatcher.dispatchEvent(Ljavafx/event/Event;Ljavafx/event/EventDispatchChain;)Ljavafx/event/Event; (44 bytes) @ 0x00000001130916cc [0x0000000113091480+0x24c]
J 4408 C2 com.sun.javafx.event.EventDispatchChainImpl.dispatchEvent(Ljavafx/event/Event;)Ljavafx/event/Event; (101 bytes) @ 0x000000011365cbd8 [0x000000011365cb20+0xb8]
J 3987 C1 com.sun.javafx.event.EventUtil.fireEvent(Ljavafx/event/EventTarget;Ljavafx/event/Event;)Ljavafx/event/Event; (81 bytes) @ 0x00000001134b9a6c [0x00000001134b9340+0x72c]
J 4075 C1 javafx.scene.Scene$MouseHandler.process(Ljavafx/scene/input/MouseEvent;Z)V (735 bytes) @ 0x000000011352a36c [0x00000001135278a0+0x2acc]
J 4400 C1 javafx.scene.Scene$ScenePeerListener.mouseEvent(Ljavafx/event/EventType;DDDDLjavafx/scene/input/MouseButton;ZZZZZZZZZ)V (50 bytes) @ 0x00000001136522b4 [0x0000000113651fe0+0x2d4]
J 4288 C1 com.sun.javafx.tk.quantum.GlassViewEventHandler$MouseEventNotification.run()Ljava/lang/Void; (529 bytes) @ 0x000000011360a674 [0x0000000113609960+0xd14]
J 4233 C1 com.sun.javafx.tk.quantum.GlassViewEventHandler$MouseEventNotification.run()Ljava/lang/Object; (5 bytes) @ 0x00000001135d4a4c [0x00000001135d49c0+0x8c]
v  ~StubRoutines::call_stub
J 2028  java.security.AccessController.doPrivileged(Ljava/security/PrivilegedAction;Ljava/security/AccessControlContext;)Ljava/lang/Object; (0 bytes) @ 0x0000000113029623 [0x00000001130295c0+0x63]
J 4285 C1 com.sun.javafx.tk.quantum.GlassViewEventHandler$$Lambda$301.get()Ljava/lang/Object; (8 bytes) @ 0x00000001136086a4 [0x00000001136084c0+0x1e4]
J 2034 C1 com.sun.javafx.tk.quantum.QuantumToolkit.runWithoutRenderLock(Ljava/util/function/Supplier;)Ljava/lang/Object; (49 bytes) @ 0x000000011302af34 [0x000000011302aa00+0x534]
J 4282 C1 com.sun.javafx.tk.quantum.GlassViewEventHandler.handleMouseEvent(Lcom/sun/glass/ui/View;JIIIIIIIZZ)V (108 bytes) @ 0x00000001136074dc [0x00000001136070c0+0x41c]
J 4231 C1 com.sun.glass.ui.View.notifyMouse(IIIIIIIZZ)V (221 bytes) @ 0x00000001135e5fc4 [0x00000001135e4f60+0x1064]
v  ~StubRoutines::call_stub

---------------  P R O C E S S  ---------------

Java Threads: ( => current thread )
  0x00007fb582852000 JavaThread "Timer-0" daemon [_thread_blocked, id=81947, stack(0x0000700006a2a000,0x0000700006b2a000)]
  0x00007fb578ff1000 JavaThread "Java2D Queue Flusher" daemon [_thread_blocked, id=68291, stack(0x0000700006927000,0x0000700006a27000)]
  0x00007fb578a8b000 JavaThread "Java2D Disposer" daemon [_thread_blocked, id=15575, stack(0x0000700006cb9000,0x0000700006db9000)]
  0x00007fb578cf3000 JavaThread "Prism Font Disposer" daemon [_thread_blocked, id=54023, stack(0x00007000067a1000,0x00007000068a1000)]
  0x00007fb5799db800 JavaThread "Thread-4" daemon [_thread_in_native, id=37891, stack(0x0000700006618000,0x0000700006698000)]
=>0x00007fb578aea800 JavaThread "JavaFX Application Thread" [_thread_in_native, id=2059, stack(0x00007fff4f70e000,0x00007fff4ff0e000)]
  0x00007fb57913a000 JavaThread "Thread-2" daemon [_thread_blocked, id=26119, stack(0x0000700006515000,0x0000700006615000)]
  0x00007fb578832000 JavaThread "QuantumRenderer-0" daemon [_thread_blocked, id=20739, stack(0x0000700006412000,0x0000700006512000)]
  0x00007fb57a1a0800 JavaThread "JavaFX-Launcher" [_thread_blocked, id=20227, stack(0x000070000630f000,0x000070000640f000)]
  0x00007fb578a44000 JavaThread "Monitor Ctrl-Break" daemon [_thread_in_native, id=19715, stack(0x000070000620c000,0x000070000630c000)]
  0x00007fb57a07c000 JavaThread "Service Thread" daemon [_thread_blocked, id=18691, stack(0x0000700006006000,0x0000700006106000)]
  0x00007fb57a058800 JavaThread "C1 CompilerThread2" daemon [_thread_blocked, id=18179, stack(0x0000700005f03000,0x0000700006003000)]
  0x00007fb578836000 JavaThread "C2 CompilerThread1" daemon [_thread_blocked, id=17667, stack(0x0000700005e00000,0x0000700005f00000)]
  0x00007fb578825000 JavaThread "C2 CompilerThread0" daemon [_thread_blocked, id=17155, stack(0x0000700005cfd000,0x0000700005dfd000)]
  0x00007fb578816800 JavaThread "Signal Dispatcher" daemon [_thread_blocked, id=16643, stack(0x0000700005bfa000,0x0000700005cfa000)]
  0x00007fb57900f800 JavaThread "Finalizer" daemon [_thread_blocked, id=12291, stack(0x0000700005a74000,0x0000700005b74000)]
  0x00007fb579811000 JavaThread "Reference Handler" daemon [_thread_blocked, id=11779, stack(0x0000700005971000,0x0000700005a71000)]
  0x00007fb579012000 JavaThread "main" [_thread_blocked, id=6915, stack(0x000070000535f000,0x000070000545f000)]

Other Threads:
  0x00007fb57980c800 VMThread [stack: 0x000070000586e000,0x000070000596e000] [id=11267]
  0x00007fb57981a000 WatcherThread [stack: 0x0000700006109000,0x0000700006209000] [id=19203]

VM state:not at safepoint (normal execution)

VM Mutex/Monitor currently owned by a thread: None

Heap:
 PSYoungGen      total 224256K, used 136119K [0x0000000795580000, 0x00000007aa400000, 0x00000007c0000000)
  eden space 222720K, 60% used [0x0000000795580000,0x000000079d8fdb60,0x00000007a2f00000)
  from space 1536K, 95% used [0x00000007a3780000,0x00000007a38f02d8,0x00000007a3900000)
  to   space 59904K, 0% used [0x00000007a6980000,0x00000007a6980000,0x00000007aa400000)
 ParOldGen       total 346624K, used 272201K [0x0000000740000000, 0x0000000755280000, 0x0000000795580000)
  object space 346624K, 78% used [0x0000000740000000,0x00000007509d25d8,0x0000000755280000)
 Metaspace       used 32255K, capacity 34784K, committed 34816K, reserved 1079296K
  class space    used 4624K, capacity 5089K, committed 5120K, reserved 1048576K

Card table byte_map: [0x00000001119c0000,0x0000000111dc1000] byte_map_base: 0x000000010dfc0000

Marking Bits: (ParMarkBitMap*) 0x0000000110658ea0
 Begin Bits: [0x00000001219f9000, 0x00000001239f9000)
 End Bits:   [0x00000001239f9000, 0x00000001259f9000)

Polling page: 0x0000000110d47000

CodeCache: size=245760Kb used=16952Kb max_used=16966Kb free=228807Kb
 bounds [0x00000001129f9000, 0x0000000113aa9000, 0x00000001219f9000]
 total_blobs=6306 nmethods=5491 adapters=727
 compilation: enabled

Compilation events (10 events):
Event: 462.351 Thread 0x00007fb57a058800 6336       3       javafx.scene.layout.ConstraintsBase::requestLayout (33 bytes)
Event: 462.352 Thread 0x00007fb57a058800 nmethod 6336 0x0000000113a70250 code [0x0000000113a70420, 0x0000000113a70ac8]
Event: 463.192 Thread 0x00007fb578836000 6337       4       java.lang.StringCoding::scale (7 bytes)
Event: 463.193 Thread 0x00007fb578836000 nmethod 6337 0x0000000112ef9bd0 code [0x0000000112ef9d20, 0x0000000112ef9d78]
Event: 464.690 Thread 0x00007fb578825000 6338       4       java.lang.String::join (59 bytes)
Event: 464.693 Thread 0x00007fb57a058800 6339       3       javafx.scene.Scene$TargetWrapper::<init> (5 bytes)
Event: 464.694 Thread 0x00007fb57a058800 nmethod 6339 0x0000000113a60590 code [0x0000000113a60700, 0x0000000113a60910]
Event: 464.694 Thread 0x00007fb57a058800 6340       3       javafx.scene.Scene$TargetWrapper::<init> (5 bytes)
Event: 464.694 Thread 0x00007fb57a058800 nmethod 6340 0x0000000113a960d0 code [0x0000000113a96240, 0x0000000113a963f0]
Event: 464.722 Thread 0x00007fb578825000 nmethod 6338 0x0000000113a98850 code [0x0000000113a98a60, 0x0000000113a996c8]

GC Heap History (10 events):
Event: 275.393 GC heap before
{Heap before GC invocations=30 (full 5):
 PSYoungGen      total 322048K, used 265074K [0x0000000795580000, 0x00000007ad700000, 0x00000007c0000000)
  eden space 260608K, 100% used [0x0000000795580000,0x00000007a5400000,0x00000007a5400000)
  from space 61440K, 7% used [0x00000007a9b00000,0x00000007a9f5c820,0x00000007ad700000)
  to   space 67072K, 0% used [0x00000007a5400000,0x00000007a5400000,0x00000007a9580000)
 ParOldGen       total 346624K, used 271977K [0x0000000740000000, 0x0000000755280000, 0x0000000795580000)
  object space 346624K, 78% used [0x0000000740000000,0x000000075099a5d8,0x0000000755280000)
 Metaspace       used 32091K, capacity 34544K, committed 34816K, reserved 1079296K
  class space    used 4624K, capacity 5089K, committed 5120K, reserved 1048576K
Event: 275.398 GC heap after
Heap after GC invocations=30 (full 5):
 PSYoungGen      total 327680K, used 570K [0x0000000795580000, 0x00000007af680000, 0x00000007c0000000)
  eden space 260608K, 0% used [0x0000000795580000,0x0000000795580000,0x00000007a5400000)
  from space 67072K, 0% used [0x00000007a5400000,0x00000007a548e9f0,0x00000007a9580000)
  to   space 67072K, 0% used [0x00000007ab500000,0x00000007ab500000,0x00000007af680000)
 ParOldGen       total 346624K, used 272177K [0x0000000740000000, 0x0000000755280000, 0x0000000795580000)
  object space 346624K, 78% used [0x0000000740000000,0x00000007509cc5d8,0x0000000755280000)
 Metaspace       used 32091K, capacity 34544K, committed 34816K, reserved 1079296K
  class space    used 4624K, capacity 5089K, committed 5120K, reserved 1048576K
}
Event: 322.115 GC heap before
{Heap before GC invocations=31 (full 5):
 PSYoungGen      total 327680K, used 259438K [0x0000000795580000, 0x00000007af680000, 0x00000007c0000000)
  eden space 260608K, 99% used [0x0000000795580000,0x00000007a524d000,0x00000007a5400000)
  from space 67072K, 0% used [0x00000007a5400000,0x00000007a548e9f0,0x00000007a9580000)
  to   space 67072K, 0% used [0x00000007ab500000,0x00000007ab500000,0x00000007af680000)
 ParOldGen       total 346624K, used 272177K [0x0000000740000000, 0x0000000755280000, 0x0000000795580000)
  object space 346624K, 78% used [0x0000000740000000,0x00000007509cc5d8,0x0000000755280000)
 Metaspace       used 32175K, capacity 34708K, committed 34816K, reserved 1079296K
  class space    used 4624K, capacity 5089K, committed 5120K, reserved 1048576K
Event: 322.126 GC heap after
Heap after GC invocations=31 (full 5):
 PSYoungGen      total 269824K, used 11853K [0x0000000795580000, 0x00000007ac800000, 0x00000007c0000000)
  eden space 250368K, 0% used [0x0000000795580000,0x0000000795580000,0x00000007a4a00000)
  from space 19456K, 60% used [0x00000007ab500000,0x00000007ac093460,0x00000007ac800000)
  to   space 64512K, 0% used [0x00000007a4a00000,0x00000007a4a00000,0x00000007a8900000)
 ParOldGen       total 346624K, used 272185K [0x0000000740000000, 0x0000000755280000, 0x0000000795580000)
  object space 346624K, 78% used [0x0000000740000000,0x00000007509ce5d8,0x0000000755280000)
 Metaspace       used 32175K, capacity 34708K, committed 34816K, reserved 1079296K
  class space    used 4624K, capacity 5089K, committed 5120K, reserved 1048576K
}
Event: 366.286 GC heap before
{Heap before GC invocations=32 (full 5):
 PSYoungGen      total 269824K, used 262221K [0x0000000795580000, 0x00000007ac800000, 0x00000007c0000000)
  eden space 250368K, 100% used [0x0000000795580000,0x00000007a4a00000,0x00000007a4a00000)
  from space 19456K, 60% used [0x00000007ab500000,0x00000007ac093460,0x00000007ac800000)
  to   space 64512K, 0% used [0x00000007a4a00000,0x00000007a4a00000,0x00000007a8900000)
 ParOldGen       total 346624K, used 272185K [0x0000000740000000, 0x0000000755280000, 0x0000000795580000)
  object space 346624K, 78% used [0x0000000740000000,0x00000007509ce5d8,0x0000000755280000)
 Metaspace       used 32196K, capacity 34716K, committed 34816K, reserved 1079296K
  class space    used 4624K, capacity 5089K, committed 5120K, reserved 1048576K
Event: 366.290 GC heap after
Heap after GC invocations=32 (full 5):
 PSYoungGen      total 242176K, used 1091K [0x0000000795580000, 0x00000007abc80000, 0x00000007c0000000)
  eden space 240640K, 0% used [0x0000000795580000,0x0000000795580000,0x00000007a4080000)
  from space 1536K, 71% used [0x00000007a4a00000,0x00000007a4b10cc8,0x00000007a4b80000)
  to   space 63488K, 0% used [0x00000007a7e80000,0x00000007a7e80000,0x00000007abc80000)
 ParOldGen       total 346624K, used 272193K [0x0000000740000000, 0x0000000755280000, 0x0000000795580000)
  object space 346624K, 78% used [0x0000000740000000,0x00000007509d05d8,0x0000000755280000)
 Metaspace       used 32196K, capacity 34716K, committed 34816K, reserved 1079296K
  class space    used 4624K, capacity 5089K, committed 5120K, reserved 1048576K
}
Event: 403.206 GC heap before
{Heap before GC invocations=33 (full 5):
 PSYoungGen      total 242176K, used 241731K [0x0000000795580000, 0x00000007abc80000, 0x00000007c0000000)
  eden space 240640K, 100% used [0x0000000795580000,0x00000007a4080000,0x00000007a4080000)
  from space 1536K, 71% used [0x00000007a4a00000,0x00000007a4b10cc8,0x00000007a4b80000)
  to   space 63488K, 0% used [0x00000007a7e80000,0x00000007a7e80000,0x00000007abc80000)
 ParOldGen       total 346624K, used 272193K [0x0000000740000000, 0x0000000755280000, 0x0000000795580000)
  object space 346624K, 78% used [0x0000000740000000,0x00000007509d05d8,0x0000000755280000)
 Metaspace       used 32212K, capacity 34716K, committed 34816K, reserved 1079296K
  class space    used 4624K, capacity 5089K, committed 5120K, reserved 1048576K
Event: 403.214 GC heap after
Heap after GC invocations=33 (full 5):
 PSYoungGen      total 281600K, used 5106K [0x0000000795580000, 0x00000007aaf80000, 0x00000007c0000000)
  eden space 231424K, 0% used [0x0000000795580000,0x0000000795580000,0x00000007a3780000)
  from space 50176K, 10% used [0x00000007a7e80000,0x00000007a837c820,0x00000007aaf80000)
  to   space 61440K, 0% used [0x00000007a3780000,0x00000007a3780000,0x00000007a7380000)
 ParOldGen       total 346624K, used 272193K [0x0000000740000000, 0x0000000755280000, 0x0000000795580000)
  object space 346624K, 78% used [0x0000000740000000,0x00000007509d05d8,0x0000000755280000)
 Metaspace       used 32212K, capacity 34716K, committed 34816K, reserved 1079296K
  class space    used 4624K, capacity 5089K, committed 5120K, reserved 1048576K
}
Event: 450.161 GC heap before
{Heap before GC invocations=34 (full 5):
 PSYoungGen      total 281600K, used 236530K [0x0000000795580000, 0x00000007aaf80000, 0x00000007c0000000)
  eden space 231424K, 100% used [0x0000000795580000,0x00000007a3780000,0x00000007a3780000)
  from space 50176K, 10% used [0x00000007a7e80000,0x00000007a837c820,0x00000007aaf80000)
  to   space 61440K, 0% used [0x00000007a3780000,0x00000007a3780000,0x00000007a7380000)
 ParOldGen       total 346624K, used 272193K [0x0000000740000000, 0x0000000755280000, 0x0000000795580000)
  object space 346624K, 78% used [0x0000000740000000,0x00000007509d05d8,0x0000000755280000)
 Metaspace       used 32236K, capacity 34784K, committed 34816K, reserved 1079296K
  class space    used 4624K, capacity 5089K, committed 5120K, reserved 1048576K
Event: 450.185 GC heap after
Heap after GC invocations=34 (full 5):
 PSYoungGen      total 224256K, used 1472K [0x0000000795580000, 0x00000007aa400000, 0x00000007c0000000)
  eden space 222720K, 0% used [0x0000000795580000,0x0000000795580000,0x00000007a2f00000)
  from space 1536K, 95% used [0x00000007a3780000,0x00000007a38f02d8,0x00000007a3900000)
  to   space 59904K, 0% used [0x00000007a6980000,0x00000007a6980000,0x00000007aa400000)
 ParOldGen       total 346624K, used 272201K [0x0000000740000000, 0x0000000755280000, 0x0000000795580000)
  object space 346624K, 78% used [0x0000000740000000,0x00000007509d25d8,0x0000000755280000)
 Metaspace       used 32236K, capacity 34784K, committed 34816K, reserved 1079296K
  class space    used 4624K, capacity 5089K, committed 5120K, reserved 1048576K
}

Deoptimization events (10 events):
Event: 224.710 Thread 0x00007fb578aea800 Uncommon trap: reason=array_check action=maybe_recompile pc=0x00000001139b148c method=java.util.AbstractCollection.toArray([Ljava/lang/Object;)[Ljava/lang/Object; @ 119
Event: 224.710 Thread 0x00007fb578aea800 Uncommon trap: reason=array_check action=maybe_recompile pc=0x00000001139b148c method=java.util.AbstractCollection.toArray([Ljava/lang/Object;)[Ljava/lang/Object; @ 119
Event: 224.710 Thread 0x00007fb578aea800 Uncommon trap: reason=array_check action=maybe_recompile pc=0x00000001139b148c method=java.util.AbstractCollection.toArray([Ljava/lang/Object;)[Ljava/lang/Object; @ 119
Event: 224.710 Thread 0x00007fb578aea800 Uncommon trap: reason=array_check action=maybe_recompile pc=0x00000001139b148c method=java.util.AbstractCollection.toArray([Ljava/lang/Object;)[Ljava/lang/Object; @ 119
Event: 250.408 Thread 0x00007fb578aea800 Uncommon trap: reason=speculate_class_check action=maybe_recompile pc=0x0000000113a2d078 method=java.awt.image.Raster.<init>(Ljava/awt/image/SampleModel;Ljava/awt/image/DataBuffer;Ljava/awt/Rectangle;Ljava/awt/Point;Ljava/awt/image/Raster;)V @ 207
Event: 250.408 Thread 0x00007fb578aea800 Uncommon trap: reason=speculate_class_check action=maybe_recompile pc=0x0000000113a2d078 method=java.awt.image.Raster.<init>(Ljava/awt/image/SampleModel;Ljava/awt/image/DataBuffer;Ljava/awt/Rectangle;Ljava/awt/Point;Ljava/awt/image/Raster;)V @ 207
Event: 255.325 Thread 0x00007fb578aea800 Uncommon trap: reason=speculate_class_check action=maybe_recompile pc=0x0000000113a2fc68 method=sun.awt.image.ByteComponentRaster.<init>(Ljava/awt/image/SampleModel;Ljava/awt/image/DataBuffer;Ljava/awt/Rectangle;Ljava/awt/Point;Lsun/awt/image/ByteComponen
Event: 255.325 Thread 0x00007fb578aea800 Uncommon trap: reason=speculate_class_check action=maybe_recompile pc=0x0000000113a2fc68 method=sun.awt.image.ByteComponentRaster.<init>(Ljava/awt/image/SampleModel;Ljava/awt/image/DataBuffer;Ljava/awt/Rectangle;Ljava/awt/Point;Lsun/awt/image/ByteComponen
Event: 256.236 Thread 0x00007fb578aea800 Uncommon trap: reason=speculate_class_check action=maybe_recompile pc=0x0000000113a2fc68 method=sun.awt.image.ByteComponentRaster.<init>(Ljava/awt/image/SampleModel;Ljava/awt/image/DataBuffer;Ljava/awt/Rectangle;Ljava/awt/Point;Lsun/awt/image/ByteComponen
Event: 256.236 Thread 0x00007fb578aea800 Uncommon trap: reason=speculate_class_check action=maybe_recompile pc=0x0000000113a2fc68 method=sun.awt.image.ByteComponentRaster.<init>(Ljava/awt/image/SampleModel;Ljava/awt/image/DataBuffer;Ljava/awt/Rectangle;Ljava/awt/Point;Lsun/awt/image/ByteComponen

Internal exceptions (10 events):
Event: 464.687 Thread 0x00007fb578aea800 Implicit null exception at 0x0000000113a4c42e to 0x0000000113a52e2c
Event: 464.687 Thread 0x00007fb578aea800 Exception <a 'java/lang/NullPointerException'> (0x000000079c85b108) thrown at [/Users/java_re/workspace/8-2-build-macosx-x86_64/jdk8u72/5732/hotspot/src/share/vm/runtime/sharedRuntime.cpp, line 605]
Event: 464.688 Thread 0x00007fb578aea800 Implicit null exception at 0x0000000113a4c42e to 0x0000000113a52e2c
Event: 464.688 Thread 0x00007fb578aea800 Exception <a 'java/lang/NullPointerException'> (0x000000079c87e268) thrown at [/Users/java_re/workspace/8-2-build-macosx-x86_64/jdk8u72/5732/hotspot/src/share/vm/runtime/sharedRuntime.cpp, line 605]
Event: 464.689 Thread 0x00007fb578aea800 Implicit null exception at 0x0000000113a4c42e to 0x0000000113a52e2c
Event: 464.689 Thread 0x00007fb578aea800 Exception <a 'java/lang/NullPointerException'> (0x000000079c8a1a60) thrown at [/Users/java_re/workspace/8-2-build-macosx-x86_64/jdk8u72/5732/hotspot/src/share/vm/runtime/sharedRuntime.cpp, line 605]
Event: 464.690 Thread 0x00007fb578aea800 Implicit null exception at 0x0000000113a4c42e to 0x0000000113a52e2c
Event: 464.690 Thread 0x00007fb578aea800 Exception <a 'java/lang/NullPointerException'> (0x000000079c8c5890) thrown at [/Users/java_re/workspace/8-2-build-macosx-x86_64/jdk8u72/5732/hotspot/src/share/vm/runtime/sharedRuntime.cpp, line 605]
Event: 464.691 Thread 0x00007fb578aea800 Implicit null exception at 0x0000000113a4c42e to 0x0000000113a52e2c
Event: 464.691 Thread 0x00007fb578aea800 Exception <a 'java/lang/NullPointerException'> (0x000000079c8e9998) thrown at [/Users/java_re/workspace/8-2-build-macosx-x86_64/jdk8u72/5732/hotspot/src/share/vm/runtime/sharedRuntime.cpp, line 605]

Events (10 events):
Event: 407.169 Thread 0x00007fb57a058800 flushing nmethod 0x00000001138f7c90
Event: 407.170 Thread 0x00007fb578836000 flushing nmethod 0x0000000113938190
Event: 407.170 Thread 0x00007fb578836000 flushing nmethod 0x000000011396a310
Event: 407.170 Thread 0x00007fb578836000 flushing nmethod 0x000000011397b810
Event: 407.171 Thread 0x00007fb578836000 flushing nmethod 0x0000000113a2cbd0
Event: 407.171 Thread 0x00007fb578836000 flushing nmethod 0x0000000113a2f590
Event: 424.121 Thread 0x00007fb578aea800 DEOPT PACKING pc=0x0000000112eaad50 sp=0x00007fff4ff05710
Event: 424.121 Thread 0x00007fb578aea800 DEOPT UNPACKING pc=0x0000000112a40633 sp=0x00007fff4ff05458 mode 0
Event: 450.161 Executing VM operation: ParallelGCFailedAllocation
Event: 450.185 Executing VM operation: ParallelGCFailedAllocation done


Dynamic libraries:
0x000000000ef96000 	/System/Library/Frameworks/Cocoa.framework/Versions/A/Cocoa
0x000000000ef96000 	/System/Library/Frameworks/Security.framework/Versions/A/Security
0x000000000ef96000 	/System/Library/Frameworks/ApplicationServices.framework/Versions/A/ApplicationServices
0x000000000ef96000 	/usr/lib/libz.1.dylib
0x000000000ef96000 	/usr/lib/libSystem.B.dylib
0x000000000ef96000 	/usr/lib/libobjc.A.dylib
0x000000000ef96000 	/System/Library/Frameworks/CoreFoundation.framework/Versions/A/CoreFoundation
0x000000000ef96000 	/System/Library/Frameworks/Foundation.framework/Versions/C/Foundation
0x000000000ef96000 	/System/Library/Frameworks/AppKit.framework/Versions/C/AppKit
0x000000000ef96000 	/System/Library/Frameworks/CoreData.framework/Versions/A/CoreData
0x000000000ef96000 	/System/Library/PrivateFrameworks/RemoteViewServices.framework/Versions/A/RemoteViewServices
0x000000000ef96000 	/System/Library/PrivateFrameworks/UIFoundation.framework/Versions/A/UIFoundation
0x000000000ef96000 	/usr/lib/libenergytrace.dylib
0x000000000ef96000 	/System/Library/PrivateFrameworks/SkyLight.framework/Versions/A/SkyLight
0x000000000ef96000 	/System/Library/Frameworks/CoreGraphics.framework/Versions/A/CoreGraphics
0x000000000ef96000 	/usr/lib/libScreenReader.dylib
0x000000000ef96000 	/System/Library/Frameworks/Accelerate.framework/Versions/A/Accelerate
0x000000000ef96000 	/System/Library/Frameworks/IOSurface.framework/Versions/A/IOSurface
0x000000000ef96000 	/System/Library/Frameworks/AudioToolbox.framework/Versions/A/AudioToolbox
0x000000000ef96000 	/System/Library/Frameworks/AudioUnit.framework/Versions/A/AudioUnit
0x000000000ef96000 	/System/Library/PrivateFrameworks/DataDetectorsCore.framework/Versions/A/DataDetectorsCore
0x000000000ef96000 	/System/Library/PrivateFrameworks/DesktopServicesPriv.framework/Versions/A/DesktopServicesPriv
0x000000000ef96000 	/System/Library/Frameworks/Carbon.framework/Versions/A/Frameworks/HIToolbox.framework/Versions/A/HIToolbox
0x000000000ef96000 	/usr/lib/libicucore.A.dylib
0x000000000ef96000 	/System/Library/Frameworks/QuartzCore.framework/Versions/A/QuartzCore
0x000000000ef96000 	/System/Library/Frameworks/Carbon.framework/Versions/A/Frameworks/SpeechRecognition.framework/Versions/A/SpeechRecognition
0x000000000ef96000 	/usr/lib/libauto.dylib
0x000000000ef96000 	/usr/lib/libxml2.2.dylib
0x000000000ef96000 	/System/Library/PrivateFrameworks/CoreUI.framework/Versions/A/CoreUI
0x000000000ef96000 	/System/Library/Frameworks/CoreAudio.framework/Versions/A/CoreAudio
0x000000000ef96000 	/System/Library/Frameworks/DiskArbitration.framework/Versions/A/DiskArbitration
0x000000000ef96000 	/usr/lib/liblangid.dylib
0x000000000ef96000 	/System/Library/PrivateFrameworks/MultitouchSupport.framework/Versions/A/MultitouchSupport
0x000000000ef96000 	/System/Library/Frameworks/IOKit.framework/Versions/A/IOKit
0x000000000ef96000 	/usr/lib/libDiagnosticMessagesClient.dylib
0x000000000ef96000 	/System/Library/Frameworks/CoreServices.framework/Versions/A/CoreServices
0x000000000ef96000 	/System/Library/PrivateFrameworks/PerformanceAnalysis.framework/Versions/A/PerformanceAnalysis
0x000000000ef96000 	/System/Library/PrivateFrameworks/GenerationalStorage.framework/Versions/A/GenerationalStorage
0x000000000ef96000 	/System/Library/Frameworks/OpenGL.framework/Versions/A/OpenGL
0x000000000ef96000 	/System/Library/Frameworks/CoreImage.framework/Versions/A/CoreImage
0x000000000ef96000 	/System/Library/Frameworks/CoreText.framework/Versions/A/CoreText
0x000000000ef96000 	/System/Library/Frameworks/ImageIO.framework/Versions/A/ImageIO
0x000000000ef96000 	/System/Library/PrivateFrameworks/Backup.framework/Versions/A/Backup
0x000000000ef96000 	/usr/lib/libarchive.2.dylib
0x000000000ef96000 	/System/Library/Frameworks/CFNetwork.framework/Versions/A/CFNetwork
0x000000000ef96000 	/System/Library/Frameworks/SystemConfiguration.framework/Versions/A/SystemConfiguration
0x000000000ef96000 	/usr/lib/libCRFSuite.dylib
0x000000000ef96000 	/usr/lib/libc++.1.dylib
0x000000000ef96000 	/usr/lib/libc++abi.dylib
0x000000000ef96000 	/usr/lib/system/libcache.dylib
0x000000000ef96000 	/usr/lib/system/libcommonCrypto.dylib
0x000000000ef96000 	/usr/lib/system/libcompiler_rt.dylib
0x000000000ef96000 	/usr/lib/system/libcopyfile.dylib
0x000000000ef96000 	/usr/lib/system/libcorecrypto.dylib
0x000000000ef96000 	/usr/lib/system/libdispatch.dylib
0x000000000ef96000 	/usr/lib/system/libdyld.dylib
0x000000000ef96000 	/usr/lib/system/libkeymgr.dylib
0x000000000ef96000 	/usr/lib/system/liblaunch.dylib
0x000000000ef96000 	/usr/lib/system/libmacho.dylib
0x000000000ef96000 	/usr/lib/system/libquarantine.dylib
0x000000000ef96000 	/usr/lib/system/libremovefile.dylib
0x000000000ef96000 	/usr/lib/system/libsystem_asl.dylib
0x000000000ef96000 	/usr/lib/system/libsystem_blocks.dylib
0x000000000ef96000 	/usr/lib/system/libsystem_c.dylib
0x000000000ef96000 	/usr/lib/system/libsystem_configuration.dylib
0x000000000ef96000 	/usr/lib/system/libsystem_coreservices.dylib
0x000000000ef96000 	/usr/lib/system/libsystem_coretls.dylib
0x000000000ef96000 	/usr/lib/system/libsystem_dnssd.dylib
0x000000000ef96000 	/usr/lib/system/libsystem_info.dylib
0x000000000ef96000 	/usr/lib/system/libsystem_kernel.dylib
0x000000000ef96000 	/usr/lib/system/libsystem_m.dylib
0x000000000ef96000 	/usr/lib/system/libsystem_malloc.dylib
0x000000000ef96000 	/usr/lib/system/libsystem_network.dylib
0x000000000ef96000 	/usr/lib/system/libsystem_networkextension.dylib
0x000000000ef96000 	/usr/lib/system/libsystem_notify.dylib
0x000000000ef96000 	/usr/lib/system/libsystem_platform.dylib
0x000000000ef96000 	/usr/lib/system/libsystem_pthread.dylib
0x000000000ef96000 	/usr/lib/system/libsystem_sandbox.dylib
0x000000000ef96000 	/usr/lib/system/libsystem_secinit.dylib
0x000000000ef96000 	/usr/lib/system/libsystem_symptoms.dylib
0x000000000ef96000 	/usr/lib/system/libsystem_trace.dylib
0x000000000ef96000 	/usr/lib/system/libunwind.dylib
0x000000000ef96000 	/usr/lib/system/libxpc.dylib
0x000000000ef96000 	/usr/lib/libbsm.0.dylib
0x000000000ef96000 	/usr/lib/system/libkxld.dylib
0x000000000ef96000 	/usr/lib/libcoretls.dylib
0x000000000ef96000 	/usr/lib/libcoretls_cfhelpers.dylib
0x000000000ef96000 	/usr/lib/libxar.1.dylib
0x000000000ef96000 	/usr/lib/libsqlite3.dylib
0x000000000ef96000 	/usr/lib/libpam.2.dylib
0x000000000ef96000 	/usr/lib/libOpenScriptingUtil.dylib
0x000000000ef96000 	/usr/lib/libbz2.1.0.dylib
0x000000000ef96000 	/usr/lib/liblzma.5.dylib
0x000000000ef96000 	/usr/lib/libnetwork.dylib
0x000000000ef96000 	/usr/lib/libpcap.A.dylib
0x000000000ef96000 	/System/Library/Frameworks/CoreServices.framework/Versions/A/Frameworks/FSEvents.framework/Versions/A/FSEvents
0x000000000ef96000 	/System/Library/Frameworks/CoreServices.framework/Versions/A/Frameworks/CarbonCore.framework/Versions/A/CarbonCore
0x000000000ef96000 	/System/Library/Frameworks/CoreServices.framework/Versions/A/Frameworks/Metadata.framework/Versions/A/Metadata
0x000000000ef96000 	/System/Library/Frameworks/CoreServices.framework/Versions/A/Frameworks/OSServices.framework/Versions/A/OSServices
0x000000000ef96000 	/System/Library/Frameworks/CoreServices.framework/Versions/A/Frameworks/SearchKit.framework/Versions/A/SearchKit
0x000000000ef96000 	/System/Library/Frameworks/CoreServices.framework/Versions/A/Frameworks/AE.framework/Versions/A/AE
0x000000000ef96000 	/System/Library/Frameworks/CoreServices.framework/Versions/A/Frameworks/LaunchServices.framework/Versions/A/LaunchServices
0x000000000ef96000 	/System/Library/Frameworks/CoreServices.framework/Versions/A/Frameworks/DictionaryServices.framework/Versions/A/DictionaryServices
0x000000000ef96000 	/System/Library/Frameworks/CoreServices.framework/Versions/A/Frameworks/SharedFileList.framework/Versions/A/SharedFileList
0x000000000ef96000 	/System/Library/Frameworks/NetFS.framework/Versions/A/NetFS
0x000000000ef96000 	/System/Library/PrivateFrameworks/NetAuth.framework/Versions/A/NetAuth
0x000000000ef96000 	/System/Library/PrivateFrameworks/login.framework/Versions/A/Frameworks/loginsupport.framework/Versions/A/loginsupport
0x000000000ef96000 	/System/Library/PrivateFrameworks/TCC.framework/Versions/A/TCC
0x000000000ef96000 	/usr/lib/libmecabra.dylib
0x000000000ef96000 	/System/Library/Frameworks/ApplicationServices.framework/Versions/A/Frameworks/ATS.framework/Versions/A/ATS
0x000000000ef96000 	/System/Library/Frameworks/ApplicationServices.framework/Versions/A/Frameworks/ColorSync.framework/Versions/A/ColorSync
0x000000000ef96000 	/System/Library/Frameworks/ApplicationServices.framework/Versions/A/Frameworks/HIServices.framework/Versions/A/HIServices
0x000000000ef96000 	/System/Library/Frameworks/ApplicationServices.framework/Versions/A/Frameworks/LangAnalysis.framework/Versions/A/LangAnalysis
0x000000000ef96000 	/System/Library/Frameworks/ApplicationServices.framework/Versions/A/Frameworks/PrintCore.framework/Versions/A/PrintCore
0x000000000ef96000 	/System/Library/Frameworks/ApplicationServices.framework/Versions/A/Frameworks/QD.framework/Versions/A/QD
0x000000000ef96000 	/System/Library/Frameworks/ApplicationServices.framework/Versions/A/Frameworks/SpeechSynthesis.framework/Versions/A/SpeechSynthesis
0x000000000ef96000 	/System/Library/Frameworks/Accelerate.framework/Versions/A/Frameworks/vImage.framework/Versions/A/vImage
0x000000000ef96000 	/System/Library/Frameworks/Accelerate.framework/Versions/A/Frameworks/vecLib.framework/Versions/A/vecLib
0x000000000ef96000 	/System/Library/Frameworks/Accelerate.framework/Versions/A/Frameworks/vecLib.framework/Versions/A/libvDSP.dylib
0x000000000ef96000 	/System/Library/Frameworks/Accelerate.framework/Versions/A/Frameworks/vecLib.framework/Versions/A/libBNNS.dylib
0x000000000ef96000 	/System/Library/Frameworks/Accelerate.framework/Versions/A/Frameworks/vecLib.framework/Versions/A/libQuadrature.dylib
0x000000000ef96000 	/System/Library/Frameworks/Accelerate.framework/Versions/A/Frameworks/vecLib.framework/Versions/A/libvMisc.dylib
0x000000000ef96000 	/System/Library/Frameworks/Accelerate.framework/Versions/A/Frameworks/vecLib.framework/Versions/A/libLAPACK.dylib
0x000000000ef96000 	/System/Library/Frameworks/Accelerate.framework/Versions/A/Frameworks/vecLib.framework/Versions/A/libBLAS.dylib
0x000000000ef96000 	/System/Library/Frameworks/Accelerate.framework/Versions/A/Frameworks/vecLib.framework/Versions/A/libLinearAlgebra.dylib
0x000000000ef96000 	/System/Library/Frameworks/Accelerate.framework/Versions/A/Frameworks/vecLib.framework/Versions/A/libSparseBLAS.dylib
0x000000000ef96000 	/System/Library/Frameworks/ApplicationServices.framework/Versions/A/Frameworks/ATS.framework/Versions/A/Resources/libFontParser.dylib
0x000000000ef96000 	/System/Library/Frameworks/ApplicationServices.framework/Versions/A/Frameworks/ATS.framework/Versions/A/Resources/libFontRegistry.dylib
0x000000000ef96000 	/System/Library/Frameworks/ImageIO.framework/Versions/A/Resources/libJPEG.dylib
0x000000000ef96000 	/System/Library/Frameworks/ImageIO.framework/Versions/A/Resources/libTIFF.dylib
0x000000000ef96000 	/System/Library/Frameworks/ImageIO.framework/Versions/A/Resources/libPng.dylib
0x000000000ef96000 	/System/Library/Frameworks/ImageIO.framework/Versions/A/Resources/libGIF.dylib
0x000000000ef96000 	/System/Library/Frameworks/ImageIO.framework/Versions/A/Resources/libJP2.dylib
0x000000000ef96000 	/System/Library/Frameworks/ImageIO.framework/Versions/A/Resources/libRadiance.dylib
0x000000000ef96000 	/usr/lib/libcompression.dylib
0x000000000ef96000 	/System/Library/PrivateFrameworks/AppleJPEG.framework/Versions/A/AppleJPEG
0x000000000ef96000 	/usr/lib/libcups.2.dylib
0x000000000ef96000 	/System/Library/Frameworks/Kerberos.framework/Versions/A/Kerberos
0x000000000ef96000 	/System/Library/Frameworks/GSS.framework/Versions/A/GSS
0x000000000ef96000 	/usr/lib/libresolv.9.dylib
0x000000000ef96000 	/usr/lib/libiconv.2.dylib
0x000000000ef96000 	/System/Library/PrivateFrameworks/Heimdal.framework/Versions/A/Heimdal
0x000000000ef96000 	/usr/lib/libheimdal-asn1.dylib
0x000000000ef96000 	/System/Library/Frameworks/OpenDirectory.framework/Versions/A/OpenDirectory
0x000000000ef96000 	/System/Library/PrivateFrameworks/CommonAuth.framework/Versions/A/CommonAuth
0x000000000ef96000 	/System/Library/Frameworks/OpenDirectory.framework/Versions/A/Frameworks/CFOpenDirectory.framework/Versions/A/CFOpenDirectory
0x000000000ef96000 	/System/Library/Frameworks/SecurityFoundation.framework/Versions/A/SecurityFoundation
0x000000000ef96000 	/System/Library/PrivateFrameworks/LanguageModeling.framework/Versions/A/LanguageModeling
0x000000000ef96000 	/usr/lib/libmarisa.dylib
0x000000000ef96000 	/usr/lib/libChineseTokenizer.dylib
0x000000000ef96000 	/usr/lib/libcmph.dylib
0x000000000ef96000 	/System/Library/PrivateFrameworks/CoreEmoji.framework/Versions/A/CoreEmoji
0x000000000ef96000 	/System/Library/Frameworks/ServiceManagement.framework/Versions/A/ServiceManagement
0x000000000ef96000 	/usr/lib/libxslt.1.dylib
0x000000000ef96000 	/System/Library/Frameworks/Carbon.framework/Versions/A/Frameworks/Ink.framework/Versions/A/Ink
0x000000000ef96000 	/System/Library/PrivateFrameworks/TextureIO.framework/Versions/A/TextureIO
0x000000000ef96000 	/System/Library/Frameworks/Metal.framework/Versions/A/Metal
0x000000000ef96000 	/usr/lib/libate.dylib
0x000000000ef96000 	/System/Library/PrivateFrameworks/GPUCompiler.framework/libmetal_timestamp.dylib
0x000000000ef96000 	/System/Library/Frameworks/OpenGL.framework/Versions/A/Libraries/libCoreFSCache.dylib
0x000000000ef96000 	/System/Library/PrivateFrameworks/IOAccelerator.framework/Versions/A/IOAccelerator
0x000000000ef96000 	/System/Library/Frameworks/CoreVideo.framework/Versions/A/CoreVideo
0x000000000ef96000 	/usr/lib/libFosl_dynamic.dylib
0x000000000ef96000 	/System/Library/PrivateFrameworks/MetalPerformanceShaders.framework/Versions/A/MetalPerformanceShaders
0x000000000ef96000 	/System/Library/PrivateFrameworks/FaceCore.framework/Versions/A/FaceCore
0x000000000ef96000 	/System/Library/Frameworks/OpenCL.framework/Versions/A/OpenCL
0x000000000ef96000 	/System/Library/Frameworks/OpenGL.framework/Versions/A/Libraries/libGLU.dylib
0x000000000ef96000 	/System/Library/Frameworks/OpenGL.framework/Versions/A/Libraries/libGFXShared.dylib
0x000000000ef96000 	/System/Library/Frameworks/OpenGL.framework/Versions/A/Libraries/libGL.dylib
0x000000000ef96000 	/System/Library/Frameworks/OpenGL.framework/Versions/A/Libraries/libGLImage.dylib
0x000000000ef96000 	/System/Library/Frameworks/OpenGL.framework/Versions/A/Libraries/libCVMSPluginSupport.dylib
0x000000000ef96000 	/System/Library/Frameworks/OpenGL.framework/Versions/A/Libraries/libCoreVMClient.dylib
0x000000000ef96000 	/System/Library/PrivateFrameworks/CrashReporterSupport.framework/Versions/A/CrashReporterSupport
0x000000000ef96000 	/System/Library/PrivateFrameworks/Sharing.framework/Versions/A/Sharing
0x000000000ef96000 	/System/Library/PrivateFrameworks/IconServices.framework/Versions/A/IconServices
0x000000000ef96000 	/System/Library/PrivateFrameworks/ProtocolBuffer.framework/Versions/A/ProtocolBuffer
0x000000000ef96000 	/System/Library/PrivateFrameworks/Apple80211.framework/Versions/A/Apple80211
0x000000000ef96000 	/System/Library/Frameworks/CoreWLAN.framework/Versions/A/CoreWLAN
0x000000000ef96000 	/System/Library/PrivateFrameworks/CoreUtils.framework/Versions/A/CoreUtils
0x000000000ef96000 	/System/Library/Frameworks/IOBluetooth.framework/Versions/A/IOBluetooth
0x000000000ef96000 	/System/Library/PrivateFrameworks/CoreWiFi.framework/Versions/A/CoreWiFi
0x000000000ef96000 	/System/Library/Frameworks/CoreBluetooth.framework/Versions/A/CoreBluetooth
0x000000000ef96000 	/System/Library/Frameworks/CoreDisplay.framework/Versions/A/CoreDisplay
0x000000000ef96000 	/System/Library/PrivateFrameworks/IOPresentment.framework/Versions/A/IOPresentment
0x000000000ef96000 	/System/Library/PrivateFrameworks/DebugSymbols.framework/Versions/A/DebugSymbols
0x000000000ef96000 	/System/Library/PrivateFrameworks/CoreSymbolication.framework/Versions/A/CoreSymbolication
0x000000000ef96000 	/System/Library/PrivateFrameworks/Symbolication.framework/Versions/A/Symbolication
0x000000000ef96000 	/System/Library/PrivateFrameworks/AppleFSCompression.framework/Versions/A/AppleFSCompression
0x000000000ef96000 	/System/Library/PrivateFrameworks/SpeechRecognitionCore.framework/Versions/A/SpeechRecognitionCore
0x000000000ef96000 	/System/Library/PrivateFrameworks/ChunkingLibrary.framework/Versions/A/ChunkingLibrary
0x000000005503f000 	/System/Library/CoreServices/Encodings/libLatin2Converter.dylib
0x000000010fd75000 	/Library/Java/JavaVirtualMachines/jdk1.8.0_72.jdk/Contents/Home/jre/lib/server/libjvm.dylib
0x000000000ef96000 	/usr/lib/libstdc++.6.dylib
0x0000000110d04000 	/Library/Java/JavaVirtualMachines/jdk1.8.0_72.jdk/Contents/Home/jre/lib/libverify.dylib
0x0000000110d12000 	/Library/Java/JavaVirtualMachines/jdk1.8.0_72.jdk/Contents/Home/jre/lib/libjava.dylib
0x0000000110d51000 	/Library/Java/JavaVirtualMachines/jdk1.8.0_72.jdk/Contents/Home/jre/lib/libzip.dylib
0x0000000126f59000 	/System/Library/Frameworks/JavaVM.framework/Frameworks/JavaRuntimeSupport.framework/JavaRuntimeSupport
0x0000000126f73000 	/System/Library/Frameworks/JavaVM.framework/Versions/A/Frameworks/JavaNativeFoundation.framework/Versions/A/JavaNativeFoundation
0x0000000112961000 	/System/Library/Frameworks/JavaVM.framework/Versions/A/JavaVM
0x000000000ef96000 	/System/Library/Frameworks/Carbon.framework/Versions/A/Carbon
0x0000000126f88000 	/System/Library/PrivateFrameworks/JavaLaunching.framework/Versions/A/JavaLaunching
0x000000000ef96000 	/System/Library/Frameworks/Carbon.framework/Versions/A/Frameworks/CommonPanels.framework/Versions/A/CommonPanels
0x000000000ef96000 	/System/Library/Frameworks/Carbon.framework/Versions/A/Frameworks/Help.framework/Versions/A/Help
0x000000000ef96000 	/System/Library/Frameworks/Carbon.framework/Versions/A/Frameworks/ImageCapture.framework/Versions/A/ImageCapture
0x000000000ef96000 	/System/Library/Frameworks/Carbon.framework/Versions/A/Frameworks/OpenScripting.framework/Versions/A/OpenScripting
0x000000000ef96000 	/System/Library/Frameworks/Carbon.framework/Versions/A/Frameworks/Print.framework/Versions/A/Print
0x000000000ef96000 	/System/Library/Frameworks/Carbon.framework/Versions/A/Frameworks/SecurityHI.framework/Versions/A/SecurityHI
0x0000000128c7f000 	/Applications/IntelliJ IDEA CE.app/Contents/bin/libbreakgen64.jnilib
0x0000000128c82000 	/Library/Java/JavaVirtualMachines/jdk1.8.0_72.jdk/Contents/Home/jre/lib/libnet.dylib
0x0000000128d77000 	/Library/Java/JavaVirtualMachines/jdk1.8.0_72.jdk/Contents/Home/jre/lib/libprism_es2.dylib
0x000000000ef96000 	/System/Library/Frameworks/OpenGL.framework/Versions/A/Resources/GLEngine.bundle/GLEngine
0x000000000ef96000 	/System/Library/Frameworks/OpenGL.framework/Versions/A/Libraries/libGLProgrammability.dylib
0x0000000128ddd000 	/System/Library/Extensions/AppleIntelHD5000GraphicsGLDriver.bundle/Contents/MacOS/AppleIntelHD5000GraphicsGLDriver
0x000000000ef96000 	/System/Library/PrivateFrameworks/GPUSupport.framework/Versions/A/Libraries/libGPUSupportMercury.dylib
0x000000000ef96000 	/System/Library/Frameworks/OpenGL.framework/Versions/A/Resources/GLRendererFloat.bundle/GLRendererFloat
0x000000000ef96000 	/System/Library/Frameworks/OpenCL.framework/Versions/A/Libraries/libcldcpuengine.dylib
0x000000000ef96000 	/usr/lib/libcrypto.0.9.8.dylib
0x000000000ef96000 	/System/Library/PrivateFrameworks/TrustEvaluationAgent.framework/Versions/A/TrustEvaluationAgent
0x000000012998f000 	/Library/Java/JavaVirtualMachines/jdk1.8.0_72.jdk/Contents/Home/jre/lib/libglass.dylib
0x000000000ef96000 	/System/Library/PrivateFrameworks/CoreServicesInternal.framework/Versions/A/CoreServicesInternal
0x000000000ef96000 	/System/Library/CoreServices/RawCamera.bundle/Contents/MacOS/RawCamera
0x000000000ef96000 	/System/Library/Frameworks/Accelerate.framework/Versions/A/Frameworks/vImage.framework/Versions/A/Libraries/libCGInterfaces.dylib
0x000000000ef96000 	/System/Library/PrivateFrameworks/FamilyControls.framework/Versions/A/FamilyControls
0x000000000ef96000 	/System/Library/PrivateFrameworks/CommerceKit.framework/Versions/A/Frameworks/CommerceCore.framework/Versions/A/CommerceCore
0x000000000ef96000 	/System/Library/PrivateFrameworks/SystemAdministration.framework/Versions/A/SystemAdministration
0x000000000ef96000 	/System/Library/PrivateFrameworks/AppContainer.framework/Versions/A/AppContainer
0x000000000ef96000 	/System/Library/PrivateFrameworks/SecCodeWrapper.framework/Versions/A/SecCodeWrapper
0x000000000ef96000 	/System/Library/Frameworks/DirectoryService.framework/Versions/A/DirectoryService
0x000000000ef96000 	/System/Library/PrivateFrameworks/DiskImages.framework/Versions/A/DiskImages
0x000000000ef96000 	/System/Library/PrivateFrameworks/LoginUIKit.framework/Versions/A/Frameworks/LoginUICore.framework/Versions/A/LoginUICore
0x000000000ef96000 	/usr/lib/libCoreStorage.dylib
0x000000000ef96000 	/usr/lib/libcsfde.dylib
0x000000000ef96000 	/usr/lib/libodfde.dylib
0x000000000ef96000 	/System/Library/Frameworks/DiscRecording.framework/Versions/A/DiscRecording
0x000000000ef96000 	/usr/lib/libcurl.4.dylib
0x000000000ef96000 	/System/Library/PrivateFrameworks/MediaKit.framework/Versions/A/MediaKit
0x000000000ef96000 	/System/Library/PrivateFrameworks/ProtectedCloudStorage.framework/Versions/A/ProtectedCloudStorage
0x000000000ef96000 	/System/Library/PrivateFrameworks/EFILogin.framework/Versions/A/EFILogin
0x000000000ef96000 	/usr/lib/libutil.dylib
0x000000000ef96000 	/System/Library/Frameworks/LDAP.framework/Versions/A/LDAP
0x000000000ef96000 	/usr/lib/libsasl2.2.dylib
0x000000000ef96000 	/System/Library/PrivateFrameworks/CoreDaemon.framework/Versions/B/CoreDaemon
0x000000000ef96000 	/System/Library/PrivateFrameworks/AppleSRP.framework/Versions/A/AppleSRP
0x000000000ef96000 	/System/Library/PrivateFrameworks/APFS.framework/Versions/A/APFS
0x0000000129a07000 	/Library/Java/JavaVirtualMachines/jdk1.8.0_72.jdk/Contents/Home/jre/lib/libjavafx_font.dylib
0x000000000ef96000 	/System/Library/Frameworks/ApplicationServices.framework/Versions/A/Frameworks/ATS.framework/Versions/A/Resources/libTrueTypeScaler.dylib
0x000000012dab8000 	/System/Library/Extensions/AppleIntelHD5000GraphicsMTLDriver.bundle/Contents/MacOS/AppleIntelHD5000GraphicsMTLDriver
0x000000000ef96000 	/System/Library/PrivateFrameworks/ViewBridge.framework/Versions/A/ViewBridge
0x000000000ef96000 	/System/Library/PrivateFrameworks/XPCService.framework/Versions/A/XPCService
0x000000000ef96000 	/System/Library/PrivateFrameworks/AppSandbox.framework/Versions/A/AppSandbox
0x000000000ef96000 	/usr/lib/libsandbox.1.dylib
0x000000000ef96000 	/usr/lib/libMatch.1.dylib
0x000000012dbbb000 	/Library/Java/JavaVirtualMachines/jdk1.8.0_72.jdk/Contents/Home/jre/lib/libprism_common.dylib
0x000000000ef96000 	/System/Library/PrivateFrameworks/FinderKit.framework/Versions/A/FinderKit
0x000000000ef96000 	/System/Library/Frameworks/Quartz.framework/Versions/A/Frameworks/QuickLookUI.framework/Versions/A/QuickLookUI
0x000000000ef96000 	/System/Library/Frameworks/Quartz.framework/Versions/A/Frameworks/ImageKit.framework/Versions/A/ImageKit
0x000000000ef96000 	/System/Library/PrivateFrameworks/Bom.framework/Versions/A/Bom
0x000000000ef96000 	/System/Library/Frameworks/QuickLook.framework/Versions/A/QuickLook
0x000000000ef96000 	/System/Library/PrivateFrameworks/Suggestions.framework/Versions/A/Suggestions
0x000000000ef96000 	/System/Library/PrivateFrameworks/AppleSystemInfo.framework/Versions/A/AppleSystemInfo
0x000000000ef96000 	/System/Library/Frameworks/ImageCaptureCore.framework/Versions/A/ImageCaptureCore
0x000000000ef96000 	/System/Library/Frameworks/SafariServices.framework/Versions/A/SafariServices
0x000000000ef96000 	/System/Library/Frameworks/QTKit.framework/Versions/A/QTKit
0x000000000ef96000 	/System/Library/PrivateFrameworks/MobileKeyBag.framework/Versions/A/MobileKeyBag
0x000000000ef96000 	/System/Library/Frameworks/AVFoundation.framework/Versions/A/AVFoundation
0x000000000ef96000 	/System/Library/Frameworks/CoreMedia.framework/Versions/A/CoreMedia
0x000000000ef96000 	/System/Library/Frameworks/MediaToolbox.framework/Versions/A/MediaToolbox
0x000000000ef96000 	/System/Library/Frameworks/VideoToolbox.framework/Versions/A/VideoToolbox
0x000000000ef96000 	/System/Library/PrivateFrameworks/CoreMediaAuthoring.framework/Versions/A/CoreMediaAuthoring
0x000000000ef96000 	/System/Library/Frameworks/CoreMediaIO.framework/Versions/A/CoreMediaIO
0x000000000ef96000 	/System/Library/Frameworks/AVFoundation.framework/Versions/A/Frameworks/AVFAudio.framework/Versions/A/AVFAudio
0x000000000ef96000 	/System/Library/PrivateFrameworks/IntlPreferences.framework/Versions/A/IntlPreferences
0x000000000ef96000 	/usr/lib/libspindump.dylib
0x000000000ef96000 	/usr/lib/libdscsym.dylib
0x000000000ef96000 	/System/Library/PrivateFrameworks/CoreAVCHD.framework/Versions/A/CoreAVCHD
0x000000000ef96000 	/System/Library/Frameworks/MediaAccessibility.framework/Versions/A/MediaAccessibility
0x000000000ef96000 	/System/Library/PrivateFrameworks/Mangrove.framework/Versions/A/Mangrove
0x000000000ef96000 	/System/Library/PrivateFrameworks/CoreAUC.framework/Versions/A/CoreAUC
0x000000000ef96000 	/System/Library/PrivateFrameworks/AppleVA.framework/Versions/A/AppleVA
0x000000000ef96000 	/System/Library/PrivateFrameworks/QuickLookThumbnailing.framework/Versions/A/QuickLookThumbnailing
0x000000000ef96000 	/System/Library/PrivateFrameworks/DisplayServices.framework/Versions/A/DisplayServices
0x000000000ef96000 	/System/Library/Frameworks/Quartz.framework/Versions/A/Frameworks/PDFKit.framework/Versions/A/PDFKit
0x000000000ef96000 	/System/Library/Frameworks/Quartz.framework/Versions/A/Frameworks/QuartzComposer.framework/Versions/A/QuartzComposer
0x000000000ef96000 	/System/Library/Frameworks/Quartz.framework/Versions/A/Frameworks/QuartzFilters.framework/Versions/A/QuartzFilters
0x000000000ef96000 	/System/Library/PrivateFrameworks/CorePDF.framework/Versions/A/CorePDF
0x000000000ef96000 	/System/Library/Frameworks/JavaScriptCore.framework/Versions/A/JavaScriptCore
0x000000000ef96000 	/System/Library/Frameworks/AddressBook.framework/Versions/A/AddressBook
0x000000000ef96000 	/System/Library/PrivateFrameworks/ContactsPersistence.framework/Versions/A/ContactsPersistence
0x000000000ef96000 	/System/Library/PrivateFrameworks/CalendarAgentLink.framework/Versions/A/CalendarAgentLink
0x000000000ef96000 	/System/Library/PrivateFrameworks/ContactsFoundation.framework/Versions/A/ContactsFoundation
0x000000000ef96000 	/System/Library/PrivateFrameworks/vCard.framework/Versions/A/vCard
0x000000000ef96000 	/System/Library/PrivateFrameworks/ToneLibrary.framework/Versions/A/ToneLibrary
0x000000000ef96000 	/System/Library/PrivateFrameworks/ToneKit.framework/Versions/A/ToneKit
0x000000000ef96000 	/System/Library/PrivateFrameworks/ApplePushService.framework/Versions/A/ApplePushService
0x000000000ef96000 	/System/Library/Frameworks/SecurityInterface.framework/Versions/A/SecurityInterface
0x000000000ef96000 	/System/Library/PrivateFrameworks/PhoneNumbers.framework/Versions/A/PhoneNumbers
0x000000000ef96000 	/System/Library/Frameworks/Quartz.framework/Versions/A/Quartz
0x000000000ef96000 	/System/Library/Frameworks/Accounts.framework/Versions/A/Accounts
0x000000000ef96000 	/System/Library/PrivateFrameworks/OAuth.framework/Versions/A/OAuth
0x000000000ef96000 	/System/Library/PrivateFrameworks/CacheDelete.framework/Versions/A/CacheDelete
0x000000000ef96000 	/System/Library/PrivateFrameworks/CloudDocs.framework/Versions/A/CloudDocs
0x000000000ef96000 	/System/Library/Frameworks/CloudKit.framework/Versions/A/CloudKit
0x000000000ef96000 	/System/Library/PrivateFrameworks/MMCS.framework/Versions/A/MMCS
0x000000000ef96000 	/System/Library/Frameworks/CoreLocation.framework/Versions/A/CoreLocation
0x000000000ef96000 	/System/Library/PrivateFrameworks/AssetCacheServices.framework/Versions/A/AssetCacheServices
0x000000000ef96000 	/System/Library/PrivateFrameworks/GeoServices.framework/Versions/A/GeoServices
0x000000000ef96000 	/System/Library/PrivateFrameworks/PlugInKit.framework/Versions/A/PlugInKit
0x000000000ef96000 	/System/Library/PrivateFrameworks/iLifeMediaBrowser.framework/Versions/A/iLifeMediaBrowser
0x000000000ef96000 	/System/Library/Frameworks/AVKit.framework/Versions/A/AVKit
0x000000000ef96000 	/System/Library/PrivateFrameworks/MediaRemote.framework/Versions/A/MediaRemote
0x000000000ef96000 	/System/Library/PrivateFrameworks/MediaServices.framework/Versions/A/MediaServices
0x000000012e341000 	/System/Library/Frameworks/Security.framework/PlugIns/csparser.bundle/Contents/MacOS/csparser
0x0000000131336000 	/Library/Java/JavaVirtualMachines/jdk1.8.0_72.jdk/Contents/Home/jre/lib/libnio.dylib
0x000000013215d000 	/Library/Java/JavaVirtualMachines/jdk1.8.0_72.jdk/Contents/Home/jre/lib/libjavafx_iio.dylib
0x0000000131f2f000 	/Library/Java/JavaVirtualMachines/jdk1.8.0_72.jdk/Contents/Home/jre/lib/libawt.dylib
0x0000000132686000 	/Library/Java/JavaVirtualMachines/jdk1.8.0_72.jdk/Contents/Home/jre/lib/./libmlib_image.dylib
0x0000000132752000 	/Library/Java/JavaVirtualMachines/jdk1.8.0_72.jdk/Contents/Home/jre/lib/libawt_lwawt.dylib
0x000000013053e000 	/Library/Java/JavaVirtualMachines/jdk1.8.0_72.jdk/Contents/Home/jre/lib/./libosxapp.dylib
0x000000000ef96000 	/System/Library/Frameworks/ExceptionHandling.framework/Versions/A/ExceptionHandling
0x0000000130fc8000 	/Library/Java/JavaVirtualMachines/jdk1.8.0_72.jdk/Contents/Home/jre/lib/libfontmanager.dylib
0x000000012a536000 	/private/var/folders/ts/xhtc3hhd22lg1l3qktgrf0yh0000gp/T/jna--709614966/jna8876891873646064835.tmp
0x00000001340bc000 	/usr/local/lib/libtesseract.dylib
0x00000001345dd000 	/usr/local/opt/leptonica/lib/liblept.4.dylib
0x000000012c821000 	/usr/local/lib/libpng16.16.dylib
0x000000012e911000 	/usr/local/lib/libjpeg.8.dylib
0x000000012e944000 	/usr/local/lib/libtiff.5.dylib
0x000000012c71c000 	/Library/Java/JavaVirtualMachines/jdk1.8.0_72.jdk/Contents/Home/jre/lib/libosx.dylib

VM Arguments:
jvm_args: -Didea.launcher.port=7536 -Didea.launcher.bin.path=/Applications/IntelliJ IDEA CE.app/Contents/bin -Dfile.encoding=UTF-8 
java_command: com.intellij.rt.execution.application.AppMain com.zaba37.easyreader.MainApp
java_class_path (initial): /Library/Java/JavaVirtualMachines/jdk1.8.0_72.jdk/Contents/Home/jre/lib/charsets.jar:/Library/Java/JavaVirtualMachines/jdk1.8.0_72.jdk/Contents/Home/jre/lib/deploy.jar:/Library/Java/JavaVirtualMachines/jdk1.8.0_72.jdk/Contents/Home/jre/lib/ext/cldrdata.jar:/Library/Java/JavaVirtualMachines/jdk1.8.0_72.jdk/Contents/Home/jre/lib/ext/dnsns.jar:/Library/Java/JavaVirtualMachines/jdk1.8.0_72.jdk/Contents/Home/jre/lib/ext/jaccess.jar:/Library/Java/JavaVirtualMachines/jdk1.8.0_72.jdk/Contents/Home/jre/lib/ext/jfxrt.jar:/Library/Java/JavaVirtualMachines/jdk1.8.0_72.jdk/Contents/Home/jre/lib/ext/localedata.jar:/Library/Java/JavaVirtualMachines/jdk1.8.0_72.jdk/Contents/Home/jre/lib/ext/nashorn.jar:/Library/Java/JavaVirtualMachines/jdk1.8.0_72.jdk/Contents/Home/jre/lib/ext/sunec.jar:/Library/Java/JavaVirtualMachines/jdk1.8.0_72.jdk/Contents/Home/jre/lib/ext/sunjce_provider.jar:/Library/Java/JavaVirtualMachines/jdk1.8.0_72.jdk/Contents/Home/jre/lib/ext/sunpkcs11.jar:/Library/Java/JavaVirtualMachines/jdk1.8.0_72.jdk/Contents/Home/jre/lib/ext/zipfs.jar:/Library/Java/JavaVirtualMachines/jdk1.8.0_72.jdk/Contents/Home/jre/lib/javaws.jar:/Library/Java/JavaVirtualMachines/jdk1.8.0_72.jdk/Contents/Home/jre/lib/jce.jar:/Library/Java/JavaVirtualMachines/jdk1.8.0_72.jdk/Contents/Home/jre/lib/jfr.jar:/Library/Java/JavaVirtualMachines/jdk1.8.0_72.jdk/Contents/Home/jre/lib/jfxswt.jar:/Library/Java/JavaVirtualMachines/jdk1.8.0_72.jdk/Contents/Home/jre/lib/jsse.jar:/Library/Java/JavaVirtualMachines/jdk1.8.0_72.jdk/Contents/Home/jre/lib/management-agent.jar:/Library/Java/JavaVirtualMachines/jdk1.8.0_72.jdk/Contents/Home/jre/lib/plugin.jar:/Library/Java/JavaVirtualMachines/jdk1.8.0_72.jdk/Contents/Home/jre/lib/resources.jar:/Library/Java/JavaVirtualMachines/jdk1.8.0_72.jdk/Contents/Home/jre/lib/rt.jar:/Library/Java/JavaVirtualMachines/jdk1.8.0_72.jdk/Contents/Home/lib/ant-javafx.jar:/Library/Java/JavaVirtualMachines/jdk1.8.0_72.jdk/Contents/Home/lib/dt.jar:/Library/Ja
Launcher Type: SUN_STANDARD

Environment Variables:
PATH=/opt/local/bin:/opt/local/sbin:/usr/local/bin:/usr/bin:/bin:/usr/sbin:/sbin:/opt/X11/bin:/usr/local/share/dotnet
SHELL=/bin/bash
DISPLAY=/private/tmp/com.apple.launchd.E4973QnRxt/org.macosforge.xquartz:0

Signal Handlers:
SIGSEGV: [libjvm.dylib+0x5a6855], sa_mask[0]=11111111011111110111111111111111, sa_flags=SA_ONSTACK|SA_RESTART|SA_SIGINFO
SIGBUS: [libjvm.dylib+0x5a6855], sa_mask[0]=11111111011111110111111111111111, sa_flags=SA_RESTART|SA_SIGINFO
SIGFPE: [libjvm.dylib+0x4804ec], sa_mask[0]=11111111011111110111111111111111, sa_flags=SA_RESTART|SA_SIGINFO
SIGPIPE: [libjvm.dylib+0x4804ec], sa_mask[0]=11111111011111110111111111111111, sa_flags=SA_RESTART|SA_SIGINFO
SIGXFSZ: [libjvm.dylib+0x4804ec], sa_mask[0]=11111111011111110111111111111111, sa_flags=SA_RESTART|SA_SIGINFO
SIGILL: [libjvm.dylib+0x4804ec], sa_mask[0]=11111111011111110111111111111111, sa_flags=SA_RESTART|SA_SIGINFO
SIGUSR1: SIG_DFL, sa_mask[0]=00000000000000000000000000000000, sa_flags=none
SIGUSR2: [libjvm.dylib+0x48000a], sa_mask[0]=00100000000000000000000000000000, sa_flags=SA_RESTART|SA_SIGINFO
SIGHUP: [libjvm.dylib+0x47e5e1], sa_mask[0]=11111111011111110111111111111111, sa_flags=SA_RESTART|SA_SIGINFO
SIGINT: [libjvm.dylib+0x47e5e1], sa_mask[0]=11111111011111110111111111111111, sa_flags=SA_RESTART|SA_SIGINFO
SIGTERM: [libjvm.dylib+0x47e5e1], sa_mask[0]=11111111011111110111111111111111, sa_flags=SA_RESTART|SA_SIGINFO
SIGQUIT: [libjvm.dylib+0x47e5e1], sa_mask[0]=11111111011111110111111111111111, sa_flags=SA_RESTART|SA_SIGINFO


---------------  S Y S T E M  ---------------

OS:Bsduname:Darwin 16.0.0 Darwin Kernel Version 16.0.0: Mon Aug 29 17:56:20 PDT 2016; root:xnu-3789.1.32~3/RELEASE_X86_64 x86_64
rlimit: STACK 8192k, CORE 0k, NPROC 709, NOFILE 10240, AS infinity
load average:5.21 4.45 3.68

CPU:total 4 (2 cores per cpu, 2 threads per core) family 6 model 69 stepping 1, cmov, cx8, fxsr, mmx, sse, sse2, sse3, ssse3, sse4.1, sse4.2, popcnt, avx, avx2, aes, clmul, erms, lzcnt, ht, tsc, tscinvbit, bmi1, bmi2

Memory: 4k page, physical 8388608k(17172k free)

/proc/meminfo:


vm_info: Java HotSpot(TM) 64-Bit Server VM (25.72-b15) for bsd-amd64 JRE (1.8.0_72-b15), built on Dec 22 2015 15:43:34 by "java_re" with gcc 4.2.1 (Based on Apple Inc. build 5658) (LLVM build 2336.11.00)

time: Wed Nov  2 16:50:30 2016
elapsed time: 465 seconds (0d 0h 7m 45s)

